<?xml version="1.0" encoding="UTF-8"?>
<testsuite xmlns:xsi="http://www.w3.org/2001/XMLSchema-instance" xsi:noNamespaceSchemaLocation="https://maven.apache.org/surefire/maven-surefire-plugin/xsd/surefire-test-report.xsd" name="io.egen.controller.VehicleControllerTest" time="8.574" tests="4" errors="0" skipped="0" failures="0">
  <properties>
[...]
</properties>
  <testcase name="findAll" classname="io.egen.controller.VehicleControllerTest" time="0.456"/>
  <testcase name="findOne" classname="io.egen.controller.VehicleControllerTest" time="0.027"/>
  <testcase name="insertVehicle" classname="io.egen.controller.VehicleControllerTest" time="0.061"/>
  <testcase name="findOne404" classname="io.egen.controller.VehicleControllerTest" time="0.019"/>
</testsuite>